<?xml version="1.0" encoding="UTF-8"?>
<testng-results ignored="0" total="2" passed="2" failed="0" skipped="0">
  <reporter-output>
  </reporter-output>
  <suite started-at="2024-01-18T12:17:54 IST" name="Default suite" finished-at="2024-01-18T12:18:12 IST" duration-ms="17433">
    <groups>
      <group name="cucumber">
        <method signature="AbstractTestNGCucumberTests.runScenario(io.cucumber.testng.PickleWrapper, io.cucumber.testng.FeatureWrapper)[pri:0, instance:com.Runner.RunnerClass$CucumberRunnerTests@20ccf40b]" name="runScenario" class="io.cucumber.testng.AbstractTestNGCucumberTests"/>
      </group> <!-- cucumber -->
    </groups>
    <test started-at="2024-01-18T12:17:54 IST" name="Default test" finished-at="2024-01-18T12:18:12 IST" duration-ms="17433">
      <class name="com.Runner.RunnerClass$CucumberRunnerTests">
        <test-method is-config="true" signature="setUpClass(org.testng.ITestContext)[pri:0, instance:com.Runner.RunnerClass$CucumberRunnerTests@20ccf40b]" started-at="2024-01-18T12:17:54 IST" name="setUpClass" finished-at="2024-01-18T12:17:55 IST" duration-ms="315" status="PASS">
          <params>
            <param index="0">
              <value>
                <![CDATA[org.testng.TestRunner@19b07407]]>
              </value>
            </param>
          </params>
          <reporter-output>
          </reporter-output>
        </test-method> <!-- setUpClass -->
        <test-method signature="runScenario(io.cucumber.testng.PickleWrapper, io.cucumber.testng.FeatureWrapper)[pri:0, instance:com.Runner.RunnerClass$CucumberRunnerTests@20ccf40b]" started-at="2024-01-18T12:17:55 IST" name="runScenario" description="Runs Cucumber Scenarios" data-provider="scenarios" finished-at="2024-01-18T12:18:04 IST" duration-ms="9763" status="PASS">
          <params>
            <param index="0">
              <value>
                <![CDATA["Validate the login functionality with Excel File"]]>
              </value>
            </param>
            <param index="1">
              <value>
                <![CDATA["Check the Login Functionality of demopractice Site"]]>
              </value>
            </param>
          </params>
          <reporter-output>
          </reporter-output>
        </test-method> <!-- runScenario -->
        <test-method signature="runScenario(io.cucumber.testng.PickleWrapper, io.cucumber.testng.FeatureWrapper)[pri:0, instance:com.Runner.RunnerClass$CucumberRunnerTests@20ccf40b]" started-at="2024-01-18T12:18:04 IST" name="runScenario" description="Runs Cucumber Scenarios" data-provider="scenarios" finished-at="2024-01-18T12:18:12 IST" duration-ms="7314" status="PASS">
          <params>
            <param index="0">
              <value>
                <![CDATA["Register with Valid credentials"]]>
              </value>
            </param>
            <param index="1">
              <value>
                <![CDATA["Register for the practice Demosite"]]>
              </value>
            </param>
          </params>
          <reporter-output>
          </reporter-output>
        </test-method> <!-- runScenario -->
        <test-method is-config="true" signature="tearDownClass()[pri:0, instance:com.Runner.RunnerClass$CucumberRunnerTests@20ccf40b]" started-at="2024-01-18T12:18:12 IST" name="tearDownClass" finished-at="2024-01-18T12:18:12 IST" duration-ms="13" status="PASS">
          <reporter-output>
          </reporter-output>
        </test-method> <!-- tearDownClass -->
      </class> <!-- com.Runner.RunnerClass$CucumberRunnerTests -->
    </test> <!-- Default test -->
  </suite> <!-- Default suite -->
</testng-results>
